This file contains any messages produced by compilers while
running configure, to aid debugging if configure makes a mistake.

It was created by jansson configure 2.7, which was
generated by GNU Autoconf 2.69.  Invocation command line was

  $ configure 

## --------- ##
## Platform. ##
## --------- ##

hostname = ME-D300-27
uname -m = i686
uname -r = 1.0.18(0.48/3/2)
uname -s = MINGW32_NT-5.1
uname -v = 2012-11-21 22:34

/usr/bin/uname -p = unknown
/bin/uname -X     = unknown

/bin/arch              = unknown
/usr/bin/arch -k       = unknown
/usr/convex/getsysinfo = unknown
/usr/bin/hostinfo      = unknown
/bin/machine           = unknown
/usr/bin/oslevel       = unknown
/bin/universe          = unknown

PATH: /c/Program Files/Microchip/mplabc18/v3.47/mpasm
PATH: /c/Program Files/Microchip/mplabc18/v3.47/bin
PATH: /c/Ruby200/bin
PATH: /c/WINDOWS/system32
PATH: /c/WINDOWS
PATH: /c/WINDOWS/System32/Wbem
PATH: /c/Program Files/Common Files/Acronis/SnapAPI/
PATH: /c/Program Files/IVI Foundation/IVI/bin
PATH: /c/Program Files/IVI Foundation/VISA/WinNT/Bin/
PATH: /c/Program Files/IVI Foundation/VISA/WinNT/Bin
PATH: /c/PROGRA~1/IVIFOU~1/VISA/WinNT/Bin
PATH: /c/Program Files/National Instruments/Shared/System/
PATH: /c/Program Files/Microsoft SQL Server/90/Tools/binn/
PATH: /c/Program Files/National Instruments/Motion Assistant/bin/mxwplugins
PATH: /c/Program Files/Perforce
PATH: /c/Program Files/LLVM/bin
PATH: /c/Program Files/Microchip/mplabc18/v3.47/mpasm
PATH: /c/Program Files/Microchip/mplabc18/v3.47/bin
PATH: /c/altera/91/modelsim_ase/win32aloem
PATH: /c/MinGW/bin
PATH: /usr/bin
PATH: /c/Python33/
PATH: /c/Program Files/Microchip/xc8/v1.33/bin


## ----------- ##
## Core tests. ##
## ----------- ##

configure:2392: checking for a BSD-compatible install
configure:2460: result: /usr/bin/install -c
configure:2471: checking whether build environment is sane
configure:2526: result: yes
configure:2677: checking for a thread-safe mkdir -p
configure:2716: result: /usr/bin/mkdir -p
configure:2723: checking for gawk
configure:2739: found /usr/bin/gawk
configure:2750: result: gawk
configure:2761: checking whether make sets $(MAKE)
configure:2783: result: yes
configure:2812: checking whether make supports nested variables
configure:2829: result: yes
configure:3008: checking for gcc
configure:3024: found /c/MinGW/bin/gcc
configure:3035: result: gcc
configure:3264: checking for C compiler version
configure:3273: gcc --version >&5
gcc.exe (GCC) 4.8.1
Copyright (C) 2013 Free Software Foundation, Inc.
This is free software; see the source for copying conditions.  There is NO
warranty; not even for MERCHANTABILITY or FITNESS FOR A PARTICULAR PURPOSE.

configure:3284: $? = 0
configure:3273: gcc -v >&5
Using built-in specs.
COLLECT_GCC=c:\MinGW\bin\gcc.exe
COLLECT_LTO_WRAPPER=c:/mingw/bin/../libexec/gcc/mingw32/4.8.1/lto-wrapper.exe
Target: mingw32
Configured with: ../gcc-4.8.1/configure --prefix=/mingw --host=mingw32 --build=mingw32 --without-pic --enable-shared --enable-static --with-gnu-ld --enable-lto --enable-libssp --disable-multilib --enable-languages=c,c++,fortran,objc,obj-c++,ada --disable-sjlj-exceptions --with-dwarf2 --disable-win32-registry --enable-libstdcxx-debug --enable-version-specific-runtime-libs --with-gmp=/usr/src/pkg/gmp-5.1.2-1-mingw32-src/bld --with-mpc=/usr/src/pkg/mpc-1.0.1-1-mingw32-src/bld --with-mpfr= --with-system-zlib --with-gnu-as --enable-decimal-float=yes --enable-libgomp --enable-threads --with-libiconv-prefix=/mingw32 --with-libintl-prefix=/mingw --disable-bootstrap LDFLAGS=-s CFLAGS=-D_USE_32BIT_TIME_T
Thread model: win32
gcc version 4.8.1 (GCC) 
configure:3284: $? = 0
configure:3273: gcc -V >&5
gcc.exe: error: unrecognized command line option '-V'
gcc.exe: fatal error: no input files
compilation terminated.
configure:3284: $? = 1
configure:3273: gcc -qversion >&5
gcc.exe: error: unrecognized command line option '-qversion'
gcc.exe: fatal error: no input files
compilation terminated.
configure:3284: $? = 1
configure:3304: checking whether the C compiler works
configure:3326: gcc    conftest.c  >&5
configure:3330: $? = 0
configure:3378: result: yes
configure:3381: checking for C compiler default output file name
configure:3383: result: a.exe
configure:3389: checking for suffix of executables
configure:3396: gcc -o conftest.exe    conftest.c  >&5
configure:3400: $? = 0
configure:3422: result: .exe
configure:3444: checking whether we are cross compiling
configure:3452: gcc -o conftest.exe    conftest.c  >&5
configure:3456: $? = 0
configure:3463: ./conftest.exe
configure:3467: $? = 0
configure:3482: result: no
configure:3487: checking for suffix of object files
configure:3509: gcc -c   conftest.c >&5
configure:3513: $? = 0
configure:3534: result: o
configure:3538: checking whether we are using the GNU C compiler
configure:3557: gcc -c   conftest.c >&5
configure:3557: $? = 0
configure:3566: result: yes
configure:3575: checking whether gcc accepts -g
configure:3595: gcc -c -g  conftest.c >&5
configure:3595: $? = 0
configure:3636: result: yes
configure:3653: checking for gcc option to accept ISO C89
configure:3716: gcc  -c -g -O2  conftest.c >&5
configure:3716: $? = 0
configure:3729: result: none needed
configure:3754: checking whether gcc understands -c and -o together
configure:3776: gcc -c conftest.c -o conftest2.o
configure:3779: $? = 0
configure:3776: gcc -c conftest.c -o conftest2.o
configure:3779: $? = 0
configure:3791: result: yes
configure:3819: checking for style of include used by make
configure:3847: result: GNU
configure:3873: checking dependency style of gcc
configure:3984: result: gcc3
configure:4001: WARNING: Libtool does not cope well with whitespace in `pwd`
configure:4028: checking build system type
configure:4042: result: i686-pc-mingw32
configure:4062: checking host system type
configure:4075: result: i686-pc-mingw32
configure:4116: checking how to print strings
configure:4143: result: printf
configure:4164: checking for a sed that does not truncate output
configure:4228: result: /usr/bin/sed
configure:4246: checking for grep that handles long lines and -e
configure:4304: result: /usr/bin/grep
configure:4309: checking for egrep
configure:4371: result: /usr/bin/grep -E
configure:4376: checking for fgrep
configure:4438: result: /usr/bin/grep -F
configure:4473: checking for ld used by gcc
configure:4540: result: c:/mingw/mingw32/bin/ld.exe
configure:4547: checking if the linker (c:/mingw/mingw32/bin/ld.exe) is GNU ld
configure:4562: result: yes
configure:4574: checking for BSD- or MS-compatible name lister (nm)
configure:4623: result: /c/MinGW/bin/nm
configure:4753: checking the name lister (/c/MinGW/bin/nm) interface
configure:4760: gcc -c -g -O2  conftest.c >&5
configure:4763: /c/MinGW/bin/nm "conftest.o"
configure:4766: output
00000000 b .bss
00000000 d .data
00000000 N .debug_abbrev
00000000 N .debug_aranges
00000000 N .debug_info
00000000 N .debug_line
00000000 r .rdata$zzz
00000000 t .text
00000000 B _some_variable
configure:4773: result: BSD nm
configure:4776: checking whether ln -s works
configure:4783: result: no, using cp -pR
configure:4788: checking the maximum length of command line arguments
configure:4919: result: 8192
configure:4936: checking whether the shell understands some XSI constructs
configure:4946: result: yes
configure:4950: checking whether the shell understands "+="
configure:4956: result: yes
configure:4991: checking how to convert i686-pc-mingw32 file names to i686-pc-mingw32 format
configure:5031: result: func_convert_file_msys_to_w32
configure:5038: checking how to convert i686-pc-mingw32 file names to toolchain format
configure:5058: result: func_convert_file_msys_to_w32
configure:5065: checking for c:/mingw/mingw32/bin/ld.exe option to reload object files
configure:5072: result: -r
configure:5146: checking for objdump
configure:5162: found /c/MinGW/bin/objdump
configure:5173: result: objdump
configure:5205: checking how to recognize dependent libraries
configure:5403: result: file_magic ^x86 archive import|^x86 DLL
configure:5488: checking for dlltool
configure:5504: found /c/MinGW/bin/dlltool
configure:5515: result: dlltool
configure:5548: checking how to associate runtime and link libraries
configure:5575: result: func_cygming_dll_for_implib
configure:5636: checking for ar
configure:5652: found /c/MinGW/bin/ar
configure:5663: result: ar
configure:5700: checking for archiver @FILE support
configure:5717: gcc -c -g -O2  conftest.c >&5
configure:5717: $? = 0
configure:5720: ar cru libconftest.a @conftest.lst >&5
configure:5723: $? = 0
configure:5728: ar cru libconftest.a @conftest.lst >&5
c:\MinGW\bin\ar.exe: conftest.o: No such file or directory
configure:5731: $? = 1
configure:5743: result: @
configure:5801: checking for strip
configure:5817: found /c/MinGW/bin/strip
configure:5828: result: strip
configure:5900: checking for ranlib
configure:5916: found /c/MinGW/bin/ranlib
configure:5927: result: ranlib
configure:6029: checking command to parse /c/MinGW/bin/nm output from gcc object
configure:6149: gcc -c -g -O2  conftest.c >&5
configure:6152: $? = 0
configure:6156: /c/MinGW/bin/nm conftest.o \| sed -n -e 's/^.*[ ]\([ABCDGIRSTW][ABCDGIRSTW]*\)[ ][ ]*\([_A-Za-z][_A-Za-z0-9]*\)\{0,1\}$/\1 \2 \2/p' | sed '/ __gnu_lto/d' \> conftest.nm
configure:6159: $? = 0
cannot find nm_test_var in conftest.nm
configure:6149: gcc -c -g -O2  conftest.c >&5
configure:6152: $? = 0
configure:6156: /c/MinGW/bin/nm conftest.o \| sed -n -e 's/^.*[ ]\([ABCDGIRSTW][ABCDGIRSTW]*\)[ ][ ]*_\([_A-Za-z][_A-Za-z0-9]*\)\{0,1\}$/\1 _\2 \2/p' | sed '/ __gnu_lto/d' \> conftest.nm
configure:6159: $? = 0
configure:6225: gcc -o conftest.exe -g -O2   conftest.c conftstm.o >&5
configure:6228: $? = 0
configure:6266: result: ok
configure:6303: checking for sysroot
configure:6333: result: no
configure:6602: checking for mt
configure:6632: result: no
configure:6652: checking if : is a manifest tool
configure:6658: : '-?'
configure:6666: result: no
configure:7308: checking how to run the C preprocessor
configure:7339: gcc -E  conftest.c
configure:7339: $? = 0
configure:7353: gcc -E  conftest.c
conftest.c:11:28: fatal error: ac_nonexistent.h: No such file or directory
 #include <ac_nonexistent.h>
                            ^
compilation terminated.
configure:7353: $? = 1
configure: failed program was:
| /* confdefs.h */
| #define PACKAGE_NAME "jansson"
| #define PACKAGE_TARNAME "jansson"
| #define PACKAGE_VERSION "2.7"
| #define PACKAGE_STRING "jansson 2.7"
| #define PACKAGE_BUGREPORT "petri@digip.org"
| #define PACKAGE_URL ""
| #define PACKAGE "jansson"
| #define VERSION "2.7"
| /* end confdefs.h.  */
| #include <ac_nonexistent.h>
configure:7378: result: gcc -E
configure:7398: gcc -E  conftest.c
configure:7398: $? = 0
configure:7412: gcc -E  conftest.c
conftest.c:11:28: fatal error: ac_nonexistent.h: No such file or directory
 #include <ac_nonexistent.h>
                            ^
compilation terminated.
configure:7412: $? = 1
configure: failed program was:
| /* confdefs.h */
| #define PACKAGE_NAME "jansson"
| #define PACKAGE_TARNAME "jansson"
| #define PACKAGE_VERSION "2.7"
| #define PACKAGE_STRING "jansson 2.7"
| #define PACKAGE_BUGREPORT "petri@digip.org"
| #define PACKAGE_URL ""
| #define PACKAGE "jansson"
| #define VERSION "2.7"
| /* end confdefs.h.  */
| #include <ac_nonexistent.h>
configure:7441: checking for ANSI C header files
configure:7461: gcc -c -g -O2  conftest.c >&5
configure:7461: $? = 0
configure:7534: gcc -o conftest.exe -g -O2   conftest.c  >&5
configure:7534: $? = 0
configure:7534: ./conftest.exe
configure:7534: $? = 0
configure:7545: result: yes
configure:7558: checking for sys/types.h
configure:7558: gcc -c -g -O2  conftest.c >&5
configure:7558: $? = 0
configure:7558: result: yes
configure:7558: checking for sys/stat.h
configure:7558: gcc -c -g -O2  conftest.c >&5
configure:7558: $? = 0
configure:7558: result: yes
configure:7558: checking for stdlib.h
configure:7558: gcc -c -g -O2  conftest.c >&5
configure:7558: $? = 0
configure:7558: result: yes
configure:7558: checking for string.h
configure:7558: gcc -c -g -O2  conftest.c >&5
configure:7558: $? = 0
configure:7558: result: yes
configure:7558: checking for memory.h
configure:7558: gcc -c -g -O2  conftest.c >&5
configure:7558: $? = 0
configure:7558: result: yes
configure:7558: checking for strings.h
configure:7558: gcc -c -g -O2  conftest.c >&5
configure:7558: $? = 0
configure:7558: result: yes
configure:7558: checking for inttypes.h
configure:7558: gcc -c -g -O2  conftest.c >&5
configure:7558: $? = 0
configure:7558: result: yes
configure:7558: checking for stdint.h
configure:7558: gcc -c -g -O2  conftest.c >&5
configure:7558: $? = 0
configure:7558: result: yes
configure:7558: checking for unistd.h
configure:7558: gcc -c -g -O2  conftest.c >&5
configure:7558: $? = 0
configure:7558: result: yes
configure:7572: checking for dlfcn.h
configure:7572: gcc -c -g -O2  conftest.c >&5
conftest.c:55:19: fatal error: dlfcn.h: No such file or directory
 #include <dlfcn.h>
                   ^
compilation terminated.
configure:7572: $? = 1
configure: failed program was:
| /* confdefs.h */
| #define PACKAGE_NAME "jansson"
| #define PACKAGE_TARNAME "jansson"
| #define PACKAGE_VERSION "2.7"
| #define PACKAGE_STRING "jansson 2.7"
| #define PACKAGE_BUGREPORT "petri@digip.org"
| #define PACKAGE_URL ""
| #define PACKAGE "jansson"
| #define VERSION "2.7"
| #define STDC_HEADERS 1
| #define HAVE_SYS_TYPES_H 1
| #define HAVE_SYS_STAT_H 1
| #define HAVE_STDLIB_H 1
| #define HAVE_STRING_H 1
| #define HAVE_MEMORY_H 1
| #define HAVE_STRINGS_H 1
| #define HAVE_INTTYPES_H 1
| #define HAVE_STDINT_H 1
| #define HAVE_UNISTD_H 1
| /* end confdefs.h.  */
| #include <stdio.h>
| #ifdef HAVE_SYS_TYPES_H
| # include <sys/types.h>
| #endif
| #ifdef HAVE_SYS_STAT_H
| # include <sys/stat.h>
| #endif
| #ifdef STDC_HEADERS
| # include <stdlib.h>
| # include <stddef.h>
| #else
| # ifdef HAVE_STDLIB_H
| #  include <stdlib.h>
| # endif
| #endif
| #ifdef HAVE_STRING_H
| # if !defined STDC_HEADERS && defined HAVE_MEMORY_H
| #  include <memory.h>
| # endif
| # include <string.h>
| #endif
| #ifdef HAVE_STRINGS_H
| # include <strings.h>
| #endif
| #ifdef HAVE_INTTYPES_H
| # include <inttypes.h>
| #endif
| #ifdef HAVE_STDINT_H
| # include <stdint.h>
| #endif
| #ifdef HAVE_UNISTD_H
| # include <unistd.h>
| #endif
| 
| #include <dlfcn.h>
configure:7572: result: no
configure:7778: checking for objdir
configure:7793: result: .libs
configure:8060: checking if gcc supports -fno-rtti -fno-exceptions
configure:8078: gcc -c -g -O2  -fno-rtti -fno-exceptions conftest.c >&5
cc1.exe: warning: command line option '-fno-rtti' is valid for C++/ObjC++ but not for C [enabled by default]
configure:8082: $? = 0
configure:8095: result: no
configure:8422: checking for gcc option to produce PIC
configure:8429: result: -DDLL_EXPORT -DPIC
configure:8437: checking if gcc PIC flag -DDLL_EXPORT -DPIC works
configure:8455: gcc -c -g -O2  -DDLL_EXPORT -DPIC -DPIC conftest.c >&5
configure:8459: $? = 0
configure:8472: result: yes
configure:8501: checking if gcc static flag -static works
configure:8529: result: yes
configure:8544: checking if gcc supports -c -o file.o
configure:8565: gcc -c -g -O2  -o out/conftest2.o conftest.c >&5
configure:8569: $? = 0
configure:8591: result: yes
configure:8599: checking if gcc supports -c -o file.o
configure:8646: result: yes
configure:8679: checking whether the gcc linker (c:/mingw/mingw32/bin/ld.exe) supports shared libraries
configure:9836: result: yes
configure:9873: checking whether -lc should be explicitly linked in
configure:9881: gcc -c -g -O2  conftest.c >&5
configure:9884: $? = 0
configure:9899: gcc -shared conftest.o  -v -o ./conftest -Wl,--enable-auto-image-base -Xlinker --out-implib -Xlinker conftest 2\>\&1 \| /usr/bin/grep  -lc  \>/dev/null 2\>\&1
configure:9902: $? = 1
configure:9916: result: yes
configure:10076: checking dynamic linker characteristics
configure:10810: result: Win32 ld.exe
configure:10917: checking how to hardcode library paths into programs
configure:10942: result: immediate
configure:11482: checking whether stripping libraries is possible
configure:11487: result: yes
configure:11522: checking if libtool supports shared libraries
configure:11524: result: yes
configure:11527: checking whether to build shared libraries
configure:11548: result: yes
configure:11551: checking whether to build static libraries
configure:11555: result: yes
configure:11607: checking endian.h usability
configure:11607: gcc -c -g -O2  conftest.c >&5
conftest.c:55:20: fatal error: endian.h: No such file or directory
 #include <endian.h>
                    ^
compilation terminated.
configure:11607: $? = 1
configure: failed program was:
| /* confdefs.h */
| #define PACKAGE_NAME "jansson"
| #define PACKAGE_TARNAME "jansson"
| #define PACKAGE_VERSION "2.7"
| #define PACKAGE_STRING "jansson 2.7"
| #define PACKAGE_BUGREPORT "petri@digip.org"
| #define PACKAGE_URL ""
| #define PACKAGE "jansson"
| #define VERSION "2.7"
| #define STDC_HEADERS 1
| #define HAVE_SYS_TYPES_H 1
| #define HAVE_SYS_STAT_H 1
| #define HAVE_STDLIB_H 1
| #define HAVE_STRING_H 1
| #define HAVE_MEMORY_H 1
| #define HAVE_STRINGS_H 1
| #define HAVE_INTTYPES_H 1
| #define HAVE_STDINT_H 1
| #define HAVE_UNISTD_H 1
| #define LT_OBJDIR ".libs/"
| /* end confdefs.h.  */
| #include <stdio.h>
| #ifdef HAVE_SYS_TYPES_H
| # include <sys/types.h>
| #endif
| #ifdef HAVE_SYS_STAT_H
| # include <sys/stat.h>
| #endif
| #ifdef STDC_HEADERS
| # include <stdlib.h>
| # include <stddef.h>
| #else
| # ifdef HAVE_STDLIB_H
| #  include <stdlib.h>
| # endif
| #endif
| #ifdef HAVE_STRING_H
| # if !defined STDC_HEADERS && defined HAVE_MEMORY_H
| #  include <memory.h>
| # endif
| # include <string.h>
| #endif
| #ifdef HAVE_STRINGS_H
| # include <strings.h>
| #endif
| #ifdef HAVE_INTTYPES_H
| # include <inttypes.h>
| #endif
| #ifdef HAVE_STDINT_H
| # include <stdint.h>
| #endif
| #ifdef HAVE_UNISTD_H
| # include <unistd.h>
| #endif
| #include <endian.h>
configure:11607: result: no
configure:11607: checking endian.h presence
configure:11607: gcc -E  conftest.c
conftest.c:22:20: fatal error: endian.h: No such file or directory
 #include <endian.h>
                    ^
compilation terminated.
configure:11607: $? = 1
configure: failed program was:
| /* confdefs.h */
| #define PACKAGE_NAME "jansson"
| #define PACKAGE_TARNAME "jansson"
| #define PACKAGE_VERSION "2.7"
| #define PACKAGE_STRING "jansson 2.7"
| #define PACKAGE_BUGREPORT "petri@digip.org"
| #define PACKAGE_URL ""
| #define PACKAGE "jansson"
| #define VERSION "2.7"
| #define STDC_HEADERS 1
| #define HAVE_SYS_TYPES_H 1
| #define HAVE_SYS_STAT_H 1
| #define HAVE_STDLIB_H 1
| #define HAVE_STRING_H 1
| #define HAVE_MEMORY_H 1
| #define HAVE_STRINGS_H 1
| #define HAVE_INTTYPES_H 1
| #define HAVE_STDINT_H 1
| #define HAVE_UNISTD_H 1
| #define LT_OBJDIR ".libs/"
| /* end confdefs.h.  */
| #include <endian.h>
configure:11607: result: no
configure:11607: checking for endian.h
configure:11607: result: no
configure:11607: checking fcntl.h usability
configure:11607: gcc -c -g -O2  conftest.c >&5
configure:11607: $? = 0
configure:11607: result: yes
configure:11607: checking fcntl.h presence
configure:11607: gcc -E  conftest.c
configure:11607: $? = 0
configure:11607: result: yes
configure:11607: checking for fcntl.h
configure:11607: result: yes
configure:11607: checking locale.h usability
configure:11607: gcc -c -g -O2  conftest.c >&5
configure:11607: $? = 0
configure:11607: result: yes
configure:11607: checking locale.h presence
configure:11607: gcc -E  conftest.c
configure:11607: $? = 0
configure:11607: result: yes
configure:11607: checking for locale.h
configure:11607: result: yes
configure:11607: checking sched.h usability
configure:11607: gcc -c -g -O2  conftest.c >&5
conftest.c:57:19: fatal error: sched.h: No such file or directory
 #include <sched.h>
                   ^
compilation terminated.
configure:11607: $? = 1
configure: failed program was:
| /* confdefs.h */
| #define PACKAGE_NAME "jansson"
| #define PACKAGE_TARNAME "jansson"
| #define PACKAGE_VERSION "2.7"
| #define PACKAGE_STRING "jansson 2.7"
| #define PACKAGE_BUGREPORT "petri@digip.org"
| #define PACKAGE_URL ""
| #define PACKAGE "jansson"
| #define VERSION "2.7"
| #define STDC_HEADERS 1
| #define HAVE_SYS_TYPES_H 1
| #define HAVE_SYS_STAT_H 1
| #define HAVE_STDLIB_H 1
| #define HAVE_STRING_H 1
| #define HAVE_MEMORY_H 1
| #define HAVE_STRINGS_H 1
| #define HAVE_INTTYPES_H 1
| #define HAVE_STDINT_H 1
| #define HAVE_UNISTD_H 1
| #define LT_OBJDIR ".libs/"
| #define HAVE_FCNTL_H 1
| #define HAVE_LOCALE_H 1
| /* end confdefs.h.  */
| #include <stdio.h>
| #ifdef HAVE_SYS_TYPES_H
| # include <sys/types.h>
| #endif
| #ifdef HAVE_SYS_STAT_H
| # include <sys/stat.h>
| #endif
| #ifdef STDC_HEADERS
| # include <stdlib.h>
| # include <stddef.h>
| #else
| # ifdef HAVE_STDLIB_H
| #  include <stdlib.h>
| # endif
| #endif
| #ifdef HAVE_STRING_H
| # if !defined STDC_HEADERS && defined HAVE_MEMORY_H
| #  include <memory.h>
| # endif
| # include <string.h>
| #endif
| #ifdef HAVE_STRINGS_H
| # include <strings.h>
| #endif
| #ifdef HAVE_INTTYPES_H
| # include <inttypes.h>
| #endif
| #ifdef HAVE_STDINT_H
| # include <stdint.h>
| #endif
| #ifdef HAVE_UNISTD_H
| # include <unistd.h>
| #endif
| #include <sched.h>
configure:11607: result: no
configure:11607: checking sched.h presence
configure:11607: gcc -E  conftest.c
conftest.c:24:19: fatal error: sched.h: No such file or directory
 #include <sched.h>
                   ^
compilation terminated.
configure:11607: $? = 1
configure: failed program was:
| /* confdefs.h */
| #define PACKAGE_NAME "jansson"
| #define PACKAGE_TARNAME "jansson"
| #define PACKAGE_VERSION "2.7"
| #define PACKAGE_STRING "jansson 2.7"
| #define PACKAGE_BUGREPORT "petri@digip.org"
| #define PACKAGE_URL ""
| #define PACKAGE "jansson"
| #define VERSION "2.7"
| #define STDC_HEADERS 1
| #define HAVE_SYS_TYPES_H 1
| #define HAVE_SYS_STAT_H 1
| #define HAVE_STDLIB_H 1
| #define HAVE_STRING_H 1
| #define HAVE_MEMORY_H 1
| #define HAVE_STRINGS_H 1
| #define HAVE_INTTYPES_H 1
| #define HAVE_STDINT_H 1
| #define HAVE_UNISTD_H 1
| #define LT_OBJDIR ".libs/"
| #define HAVE_FCNTL_H 1
| #define HAVE_LOCALE_H 1
| /* end confdefs.h.  */
| #include <sched.h>
configure:11607: result: no
configure:11607: checking for sched.h
configure:11607: result: no
configure:11607: checking for unistd.h
configure:11607: result: yes
configure:11607: checking sys/param.h usability
configure:11607: gcc -c -g -O2  conftest.c >&5
configure:11607: $? = 0
configure:11607: result: yes
configure:11607: checking sys/param.h presence
configure:11607: gcc -E  conftest.c
configure:11607: $? = 0
configure:11607: result: yes
configure:11607: checking for sys/param.h
configure:11607: result: yes
configure:11607: checking for sys/stat.h
configure:11607: result: yes
configure:11607: checking sys/time.h usability
configure:11607: gcc -c -g -O2  conftest.c >&5
configure:11607: $? = 0
configure:11607: result: yes
configure:11607: checking sys/time.h presence
configure:11607: gcc -E  conftest.c
configure:11607: $? = 0
configure:11607: result: yes
configure:11607: checking for sys/time.h
configure:11607: result: yes
configure:11607: checking for sys/types.h
configure:11607: result: yes
configure:11619: checking for int32_t
configure:11619: gcc -c -g -O2  conftest.c >&5
configure:11619: $? = 0
configure:11619: gcc -c -g -O2  conftest.c >&5
conftest.c: In function 'main':
conftest.c:67:53: warning: integer overflow in expression [-Woverflow]
    < (int32_t) (((((int32_t) 1 << N) << N) - 1) * 2 + 2))];
                                                     ^
conftest.c:66:12: error: storage size of 'test_array' isn't constant
 static int test_array [1 - 2 * !((int32_t) (((((int32_t) 1 << N) << N) - 1) * 2 + 1)
            ^
configure:11619: $? = 1
configure: failed program was:
| /* confdefs.h */
| #define PACKAGE_NAME "jansson"
| #define PACKAGE_TARNAME "jansson"
| #define PACKAGE_VERSION "2.7"
| #define PACKAGE_STRING "jansson 2.7"
| #define PACKAGE_BUGREPORT "petri@digip.org"
| #define PACKAGE_URL ""
| #define PACKAGE "jansson"
| #define VERSION "2.7"
| #define STDC_HEADERS 1
| #define HAVE_SYS_TYPES_H 1
| #define HAVE_SYS_STAT_H 1
| #define HAVE_STDLIB_H 1
| #define HAVE_STRING_H 1
| #define HAVE_MEMORY_H 1
| #define HAVE_STRINGS_H 1
| #define HAVE_INTTYPES_H 1
| #define HAVE_STDINT_H 1
| #define HAVE_UNISTD_H 1
| #define LT_OBJDIR ".libs/"
| #define HAVE_FCNTL_H 1
| #define HAVE_LOCALE_H 1
| #define HAVE_UNISTD_H 1
| #define HAVE_SYS_PARAM_H 1
| #define HAVE_SYS_STAT_H 1
| #define HAVE_SYS_TIME_H 1
| #define HAVE_SYS_TYPES_H 1
| /* end confdefs.h.  */
| #include <stdio.h>
| #ifdef HAVE_SYS_TYPES_H
| # include <sys/types.h>
| #endif
| #ifdef HAVE_SYS_STAT_H
| # include <sys/stat.h>
| #endif
| #ifdef STDC_HEADERS
| # include <stdlib.h>
| # include <stddef.h>
| #else
| # ifdef HAVE_STDLIB_H
| #  include <stdlib.h>
| # endif
| #endif
| #ifdef HAVE_STRING_H
| # if !defined STDC_HEADERS && defined HAVE_MEMORY_H
| #  include <memory.h>
| # endif
| # include <string.h>
| #endif
| #ifdef HAVE_STRINGS_H
| # include <strings.h>
| #endif
| #ifdef HAVE_INTTYPES_H
| # include <inttypes.h>
| #endif
| #ifdef HAVE_STDINT_H
| # include <stdint.h>
| #endif
| #ifdef HAVE_UNISTD_H
| # include <unistd.h>
| #endif
| 	        enum { N = 32 / 2 - 1 };
| int
| main ()
| {
| static int test_array [1 - 2 * !((int32_t) (((((int32_t) 1 << N) << N) - 1) * 2 + 1)
| 		 < (int32_t) (((((int32_t) 1 << N) << N) - 1) * 2 + 2))];
| test_array [0] = 0;
| return test_array [0];
| 
|   ;
|   return 0;
| }
configure:11619: result: yes
configure:11630: checking for uint32_t
configure:11630: gcc -c -g -O2  conftest.c >&5
configure:11630: $? = 0
configure:11630: result: yes
configure:11644: checking for uint16_t
configure:11644: gcc -c -g -O2  conftest.c >&5
configure:11644: $? = 0
configure:11644: result: yes
configure:11656: checking for uint8_t
configure:11656: gcc -c -g -O2  conftest.c >&5
configure:11656: $? = 0
configure:11656: result: yes
configure:11671: checking for unsigned long long int
configure:11710: gcc -o conftest.exe -g -O2   conftest.c  >&5
configure:11710: $? = 0
configure:11719: result: yes
configure:11729: checking for long long int
configure:11767: gcc -o conftest.exe -g -O2   conftest.c  >&5
configure:11767: $? = 0
configure:11767: ./conftest.exe
configure:11767: $? = 0
configure:11779: result: yes
configure:11788: checking for inline
configure:11804: gcc -c -g -O2  conftest.c >&5
configure:11804: $? = 0
configure:11812: result: inline
configure:11841: checking for close
configure:11841: gcc -o conftest.exe -g -O2   conftest.c  >&5
configure:11841: $? = 0
configure:11841: result: yes
configure:11841: checking for getpid
configure:11841: gcc -o conftest.exe -g -O2   conftest.c  >&5
configure:11841: $? = 0
configure:11841: result: yes
configure:11841: checking for gettimeofday
configure:11841: gcc -o conftest.exe -g -O2   conftest.c  >&5
configure:11841: $? = 0
configure:11841: result: yes
configure:11841: checking for localeconv
configure:11841: gcc -o conftest.exe -g -O2   conftest.c  >&5
configure:11841: $? = 0
configure:11841: result: yes
configure:11841: checking for open
configure:11841: gcc -o conftest.exe -g -O2   conftest.c  >&5
configure:11841: $? = 0
configure:11841: result: yes
configure:11841: checking for read
configure:11841: gcc -o conftest.exe -g -O2   conftest.c  >&5
configure:11841: $? = 0
configure:11841: result: yes
configure:11841: checking for sched_yield
configure:11841: gcc -o conftest.exe -g -O2   conftest.c  >&5
C:\DOCUME~1\D300-01\LOCALS~1\Temp\cceFSOt5.o: In function `main':
c:\Documents and Settings\D300-01\Desktop\Venom\Projects\jansson-2.7/conftest.c:71: undefined reference to `sched_yield'
collect2.exe: error: ld returned 1 exit status
configure:11841: $? = 1
configure: failed program was:
| /* confdefs.h */
| #define PACKAGE_NAME "jansson"
| #define PACKAGE_TARNAME "jansson"
| #define PACKAGE_VERSION "2.7"
| #define PACKAGE_STRING "jansson 2.7"
| #define PACKAGE_BUGREPORT "petri@digip.org"
| #define PACKAGE_URL ""
| #define PACKAGE "jansson"
| #define VERSION "2.7"
| #define STDC_HEADERS 1
| #define HAVE_SYS_TYPES_H 1
| #define HAVE_SYS_STAT_H 1
| #define HAVE_STDLIB_H 1
| #define HAVE_STRING_H 1
| #define HAVE_MEMORY_H 1
| #define HAVE_STRINGS_H 1
| #define HAVE_INTTYPES_H 1
| #define HAVE_STDINT_H 1
| #define HAVE_UNISTD_H 1
| #define LT_OBJDIR ".libs/"
| #define HAVE_FCNTL_H 1
| #define HAVE_LOCALE_H 1
| #define HAVE_UNISTD_H 1
| #define HAVE_SYS_PARAM_H 1
| #define HAVE_SYS_STAT_H 1
| #define HAVE_SYS_TIME_H 1
| #define HAVE_SYS_TYPES_H 1
| #define HAVE_UNSIGNED_LONG_LONG_INT 1
| #define HAVE_LONG_LONG_INT 1
| #define HAVE_CLOSE 1
| #define HAVE_GETPID 1
| #define HAVE_GETTIMEOFDAY 1
| #define HAVE_LOCALECONV 1
| #define HAVE_OPEN 1
| #define HAVE_READ 1
| /* end confdefs.h.  */
| /* Define sched_yield to an innocuous variant, in case <limits.h> declares sched_yield.
|    For example, HP-UX 11i <limits.h> declares gettimeofday.  */
| #define sched_yield innocuous_sched_yield
| 
| /* System header to define __stub macros and hopefully few prototypes,
|     which can conflict with char sched_yield (); below.
|     Prefer <limits.h> to <assert.h> if __STDC__ is defined, since
|     <limits.h> exists even on freestanding compilers.  */
| 
| #ifdef __STDC__
| # include <limits.h>
| #else
| # include <assert.h>
| #endif
| 
| #undef sched_yield
| 
| /* Override any GCC internal prototype to avoid an error.
|    Use char because int might match the return type of a GCC
|    builtin and then its argument prototype would still apply.  */
| #ifdef __cplusplus
| extern "C"
| #endif
| char sched_yield ();
| /* The GNU C library defines this for functions which it implements
|     to always fail with ENOSYS.  Some functions are actually named
|     something starting with __ and the normal name is an alias.  */
| #if defined __stub_sched_yield || defined __stub___sched_yield
| choke me
| #endif
| 
| int
| main ()
| {
| return sched_yield ();
|   ;
|   return 0;
| }
configure:11841: result: no
configure:11841: checking for strtoll
configure:11841: gcc -o conftest.exe -g -O2   conftest.c  >&5
configure:11841: $? = 0
configure:11841: result: yes
configure:11851: checking for gcc __sync builtins
configure:11865: gcc -o conftest.exe -g -O2   conftest.c  >&5
configure:11865: $? = 0
configure:11875: result: yes
configure:11878: checking for gcc __atomic builtins
configure:11892: gcc -o conftest.exe -g -O2   conftest.c  >&5
configure:11892: $? = 0
configure:11902: result: yes
configure:12062: checking that generated files are newer than configure
configure:12068: result: done
configure:12095: creating ./config.status

## ---------------------- ##
## Running config.status. ##
## ---------------------- ##

This file was extended by jansson config.status 2.7, which was
generated by GNU Autoconf 2.69.  Invocation command line was

  CONFIG_FILES    = 
  CONFIG_HEADERS  = 
  CONFIG_LINKS    = 
  CONFIG_COMMANDS = 
  $ ./config.status 

on ME-D300-27

config.status:1126: creating jansson.pc
config.status:1126: creating Makefile
config.status:1126: creating doc/Makefile
config.status:1126: creating src/Makefile
config.status:1126: creating src/jansson_config.h
config.status:1126: creating test/Makefile
config.status:1126: creating test/bin/Makefile
config.status:1126: creating test/suites/Makefile
config.status:1126: creating test/suites/api/Makefile
config.status:1126: creating jansson_private_config.h
config.status:1307: jansson_private_config.h is unchanged
config.status:1355: executing depfiles commands
config.status:1355: executing libtool commands

## ---------------- ##
## Cache variables. ##
## ---------------- ##

ac_cv_build=i686-pc-mingw32
ac_cv_c_compiler_gnu=yes
ac_cv_c_inline=inline
ac_cv_c_int32_t=yes
ac_cv_c_uint16_t=yes
ac_cv_c_uint32_t=yes
ac_cv_c_uint8_t=yes
ac_cv_env_build_alias_set=
ac_cv_env_build_alias_value=
ac_cv_env_CC_set=
ac_cv_env_CC_value=
ac_cv_env_CFLAGS_set=
ac_cv_env_CFLAGS_value=
ac_cv_env_CPP_set=
ac_cv_env_CPP_value=
ac_cv_env_CPPFLAGS_set=
ac_cv_env_CPPFLAGS_value=
ac_cv_env_host_alias_set=
ac_cv_env_host_alias_value=
ac_cv_env_LDFLAGS_set=
ac_cv_env_LDFLAGS_value=
ac_cv_env_LIBS_set=
ac_cv_env_LIBS_value=
ac_cv_env_target_alias_set=
ac_cv_env_target_alias_value=
ac_cv_exeext=.exe
ac_cv_func_close=yes
ac_cv_func_getpid=yes
ac_cv_func_gettimeofday=yes
ac_cv_func_localeconv=yes
ac_cv_func_open=yes
ac_cv_func_read=yes
ac_cv_func_sched_yield=no
ac_cv_func_strtoll=yes
ac_cv_header_dlfcn_h=no
ac_cv_header_endian_h=no
ac_cv_header_fcntl_h=yes
ac_cv_header_inttypes_h=yes
ac_cv_header_locale_h=yes
ac_cv_header_memory_h=yes
ac_cv_header_sched_h=no
ac_cv_header_stdc=yes
ac_cv_header_stdint_h=yes
ac_cv_header_stdlib_h=yes
ac_cv_header_string_h=yes
ac_cv_header_strings_h=yes
ac_cv_header_sys_param_h=yes
ac_cv_header_sys_stat_h=yes
ac_cv_header_sys_time_h=yes
ac_cv_header_sys_types_h=yes
ac_cv_header_unistd_h=yes
ac_cv_host=i686-pc-mingw32
ac_cv_objext=o
ac_cv_path_EGREP='/usr/bin/grep -E'
ac_cv_path_FGREP='/usr/bin/grep -F'
ac_cv_path_GREP=/usr/bin/grep
ac_cv_path_install='/usr/bin/install -c'
ac_cv_path_mkdir=/usr/bin/mkdir
ac_cv_path_SED=/usr/bin/sed
ac_cv_prog_ac_ct_AR=ar
ac_cv_prog_ac_ct_CC=gcc
ac_cv_prog_ac_ct_DLLTOOL=dlltool
ac_cv_prog_ac_ct_OBJDUMP=objdump
ac_cv_prog_ac_ct_RANLIB=ranlib
ac_cv_prog_ac_ct_STRIP=strip
ac_cv_prog_AWK=gawk
ac_cv_prog_cc_c89=
ac_cv_prog_cc_g=yes
ac_cv_prog_CPP='gcc -E'
ac_cv_prog_make_make_set=yes
ac_cv_type_long_long_int=yes
ac_cv_type_unsigned_long_long_int=yes
am_cv_CC_dependencies_compiler_type=gcc3
am_cv_make_support_nested_variables=yes
am_cv_prog_cc_c_o=yes
lt_cv_ar_at_file=@
lt_cv_archive_cmds_need_lc=yes
lt_cv_deplibs_check_method='file_magic ^x86 archive import|^x86 DLL'
lt_cv_file_magic_cmd=func_win32_libid
lt_cv_file_magic_test_file=
lt_cv_ld_reload_flag=-r
lt_cv_nm_interface='BSD nm'
lt_cv_objdir=.libs
lt_cv_path_LD=c:/mingw/mingw32/bin/ld.exe
lt_cv_path_mainfest_tool=no
lt_cv_path_NM=/c/MinGW/bin/nm
lt_cv_prog_compiler_c_o=yes
lt_cv_prog_compiler_pic_works=yes
lt_cv_prog_compiler_pic='-DDLL_EXPORT -DPIC'
lt_cv_prog_compiler_rtti_exceptions=no
lt_cv_prog_compiler_static_works=yes
lt_cv_prog_gnu_ld=yes
lt_cv_sharedlib_from_linklib_cmd=func_cygming_dll_for_implib
lt_cv_sys_global_symbol_pipe='sed -n -e '\''s/^.*[	 ]\([ABCDGIRSTW][ABCDGIRSTW]*\)[	 ][	 ]*_\([_A-Za-z][_A-Za-z0-9]*\)\{0,1\}$/\1 _\2 \2/p'\'' | sed '\''/ __gnu_lto/d'\'''
lt_cv_sys_global_symbol_to_c_name_address_lib_prefix='sed -n -e '\''s/^: \([^ ]*\)[ ]*$/  {\"\1\", (void *) 0},/p'\'' -e '\''s/^[ABCDGIRSTW]* \([^ ]*\) \(lib[^ ]*\)$/  {"\2", (void *) \&\2},/p'\'' -e '\''s/^[ABCDGIRSTW]* \([^ ]*\) \([^ ]*\)$/  {"lib\2", (void *) \&\2},/p'\'''
lt_cv_sys_global_symbol_to_c_name_address='sed -n -e '\''s/^: \([^ ]*\)[ ]*$/  {\"\1\", (void *) 0},/p'\'' -e '\''s/^[ABCDGIRSTW]* \([^ ]*\) \([^ ]*\)$/  {"\2", (void *) \&\2},/p'\'''
lt_cv_sys_global_symbol_to_cdecl='sed -n -e '\''s/^T .* \(.*\)$/extern int \1();/p'\'' -e '\''s/^[ABCDGIRSTW]* .* \(.*\)$/extern char \1;/p'\'''
lt_cv_sys_max_cmd_len=8192
lt_cv_to_host_file_cmd=func_convert_file_msys_to_w32
lt_cv_to_tool_file_cmd=func_convert_file_msys_to_w32

## ----------------- ##
## Output variables. ##
## ----------------- ##

ac_ct_AR='ar'
ac_ct_CC='gcc'
ac_ct_DUMPBIN=''
ACLOCAL='${SHELL} "/c/Documents and Settings/D300-01/Desktop/Venom/Projects/jansson-2.7/missing" aclocal-1.14'
am__EXEEXT_FALSE='#'
am__EXEEXT_TRUE=''
am__fastdepCC_FALSE='#'
am__fastdepCC_TRUE=''
am__include='include'
am__isrc=''
am__leading_dot='.'
am__nodep='_no'
am__quote=''
am__tar='$${TAR-tar} chof - "$$tardir"'
am__untar='$${TAR-tar} xf -'
AM_BACKSLASH='\'
AM_CFLAGS='-Wall -Wextra -Wdeclaration-after-statement'
AM_DEFAULT_V='$(AM_DEFAULT_VERBOSITY)'
AM_DEFAULT_VERBOSITY='1'
AM_V='$(V)'
AMDEP_FALSE='#'
AMDEP_TRUE=''
AMDEPBACKSLASH='\'
AMTAR='$${TAR-tar}'
AR='ar'
AUTOCONF='${SHELL} "/c/Documents and Settings/D300-01/Desktop/Venom/Projects/jansson-2.7/missing" autoconf'
AUTOHEADER='${SHELL} "/c/Documents and Settings/D300-01/Desktop/Venom/Projects/jansson-2.7/missing" autoheader'
AUTOMAKE='${SHELL} "/c/Documents and Settings/D300-01/Desktop/Venom/Projects/jansson-2.7/missing" automake-1.14'
AWK='gawk'
bindir='${exec_prefix}/bin'
build_alias=''
build_cpu='i686'
build_os='mingw32'
build_vendor='pc'
build='i686-pc-mingw32'
CC='gcc'
CCDEPMODE='depmode=gcc3'
CFLAGS='-g -O2'
CPP='gcc -E'
CPPFLAGS=''
CYGPATH_W='echo'
datadir='${datarootdir}'
datarootdir='${prefix}/share'
DEFS='-DHAVE_CONFIG_H'
DEPDIR='.deps'
DLLTOOL='dlltool'
docdir='${datarootdir}/doc/${PACKAGE_TARNAME}'
DSYMUTIL=''
DUMPBIN=''
dvidir='${docdir}'
ECHO_C=''
ECHO_N='-n'
ECHO_T=''
EGREP='/usr/bin/grep -E'
exec_prefix='${prefix}'
EXEEXT='.exe'
FGREP='/usr/bin/grep -F'
GCC_FALSE='#'
GCC_TRUE=''
GREP='/usr/bin/grep'
host_alias=''
host_cpu='i686'
host_os='mingw32'
host_vendor='pc'
host='i686-pc-mingw32'
htmldir='${docdir}'
includedir='${prefix}/include'
infodir='${datarootdir}/info'
INSTALL_DATA='${INSTALL} -m 644'
INSTALL_PROGRAM='${INSTALL}'
INSTALL_SCRIPT='${INSTALL}'
install_sh='${SHELL} '\''/c/Documents and Settings/D300-01/Desktop/Venom/Projects/jansson-2.7/install-sh'\'''
INSTALL_STRIP_PROGRAM='$(install_sh) -c -s'
json_have_localeconv='1'
json_have_long_long='1'
json_inline='inline'
LD='c:/mingw/mingw32/bin/ld.exe'
LDFLAGS=''
libdir='${exec_prefix}/lib'
libexecdir='${exec_prefix}/libexec'
LIBOBJS=''
LIBS=''
LIBTOOL='$(SHELL) $(top_builddir)/libtool'
LIPO=''
LN_S='cp -pR'
localedir='${datarootdir}/locale'
localstatedir='${prefix}/var'
LTLIBOBJS=''
MAKEINFO='${SHELL} "/c/Documents and Settings/D300-01/Desktop/Venom/Projects/jansson-2.7/missing" makeinfo'
mandir='${datarootdir}/man'
MANIFEST_TOOL=':'
mkdir_p='$(MKDIR_P)'
MKDIR_P='/usr/bin/mkdir -p'
NM='/c/MinGW/bin/nm'
NMEDIT=''
OBJDUMP='objdump'
OBJEXT='o'
oldincludedir='/usr/include'
OTOOL=''
OTOOL64=''
PACKAGE_BUGREPORT='petri@digip.org'
PACKAGE_NAME='jansson'
PACKAGE_STRING='jansson 2.7'
PACKAGE_TARNAME='jansson'
PACKAGE_URL=''
PACKAGE_VERSION='2.7'
PACKAGE='jansson'
PATH_SEPARATOR=':'
pdfdir='${docdir}'
prefix='/usr/local'
program_transform_name='s,x,x,'
psdir='${docdir}'
RANLIB='ranlib'
sbindir='${exec_prefix}/sbin'
SED='/usr/bin/sed'
SET_MAKE=''
sharedstatedir='${prefix}/com'
SHELL='/bin/sh'
STRIP='strip'
sysconfdir='${prefix}/etc'
target_alias=''
VERSION='2.7'

## ----------- ##
## confdefs.h. ##
## ----------- ##

/* confdefs.h */
#define PACKAGE_NAME "jansson"
#define PACKAGE_TARNAME "jansson"
#define PACKAGE_VERSION "2.7"
#define PACKAGE_STRING "jansson 2.7"
#define PACKAGE_BUGREPORT "petri@digip.org"
#define PACKAGE_URL ""
#define PACKAGE "jansson"
#define VERSION "2.7"
#define STDC_HEADERS 1
#define HAVE_SYS_TYPES_H 1
#define HAVE_SYS_STAT_H 1
#define HAVE_STDLIB_H 1
#define HAVE_STRING_H 1
#define HAVE_MEMORY_H 1
#define HAVE_STRINGS_H 1
#define HAVE_INTTYPES_H 1
#define HAVE_STDINT_H 1
#define HAVE_UNISTD_H 1
#define LT_OBJDIR ".libs/"
#define HAVE_FCNTL_H 1
#define HAVE_LOCALE_H 1
#define HAVE_UNISTD_H 1
#define HAVE_SYS_PARAM_H 1
#define HAVE_SYS_STAT_H 1
#define HAVE_SYS_TIME_H 1
#define HAVE_SYS_TYPES_H 1
#define HAVE_UNSIGNED_LONG_LONG_INT 1
#define HAVE_LONG_LONG_INT 1
#define HAVE_CLOSE 1
#define HAVE_GETPID 1
#define HAVE_GETTIMEOFDAY 1
#define HAVE_LOCALECONV 1
#define HAVE_OPEN 1
#define HAVE_READ 1
#define HAVE_STRTOLL 1
#define HAVE_SYNC_BUILTINS 1
#define HAVE_ATOMIC_BUILTINS 1
#define USE_URANDOM 1
#define USE_WINDOWS_CRYPTOAPI 1

configure: exit 0
